
timing -sethld -v 10 -u 10 -endpoints 10 -nperend 1 -sp High-Performance_1.2V -hsp m   -pwrprd -html -rpt "lab3_AIPrototype2_impl_1.twr" "lab3_AIPrototype2_impl_1.udb" 
timing -sethld -v 10 -u 10 -endpoints 10 -nperend 1 -sp High-Performance_1.2V -hsp m -pwrprd -html -rpt lab3_AIPrototype2_impl_1.twr lab3_AIPrototype2_impl_1.udb -gui -msgset C:/Users/chris/OneDrive/Desktop/Wu-E155-Lab3/e155-lab3/lab3_AIPrototype2/promote.xml
Starting design reading...
Loading device for application GENERIC from file 'itpa08.nph' in environment: C:/lscc/radiant/2025.1/ispfpga.
Package Status:                     Preliminary    Version 1.5.
Performance Hardware Data Status:   Advanced       Version 1.0.
Loading udb::Database ...
Design:  keypad_top
Family:  iCE40UP
Device:  iCE40UP5K
Package: SG48
Performance Grade:   High-Performance_1.2V



Successfully loading udb, 0.05 seconds

Initializing timer
Starting design annotation....
High-Performance_1.2V

Starting full timing analysis...
Performance Hardware Data Status:   Advanced       Version 1.0.
Connections ignored  44  counted  559  covered  509
Changing speed to m;   changing temperature to -40

STA Runtime and Peak Memory Usage :
Total CPU Time: 1 secs 
Total REAL Time: 2 secs 
Peak Memory Usage: 102 MB

 1.380448s wall, 1.171875s user + 0.156250s system = 1.328125s CPU (96.2%)

